This is LuaHBTeX, Version 1.12.0 (TeX Live 2020)  (format=lualatex 2020.5.18)  6 OCT 2020 15:56
 restricted system commands enabled.
**PL.tex
(/home/alex/.local/texlive/2020/texmf-dist/tex/latex/tools/x.tex
! Interruption.
<everyjob> \directlua {
            require("lualatexquotejobname.lua")}\typeout {\fmtname \space <\fmt
l.1 
  %%
? x


Here is how much of LuaTeX's memory you used:
 11 strings out of 480883
 100000,319454 words of node,token memory allocated 275 words of node memory still in use:
   1 hlist, 1 dir, 39 glue_spec nodes
   avail lists: 2:12,3:1,4:1,5:2
 17741 multiletter control sequences out of 65536+600000
 24 fonts using 3127019 bytes
 2i,0n,0p,12b,6s stack positions out of 5000i,500n,10000p,200000b,100000s

warning  (pdf backend): no pages of output.

PDF statistics: 0 PDF objects out of 1000 (max. 8388607)
 0 named destinations out of 1000 (max. 131072)
 1 words of extra memory for PDF output out of 10000 (max. 100000000)

